<?xml version="1.0" encoding="UTF-8"?>
<testng-results skipped="0" failed="0" ignored="0" total="1" passed="1">
  <reporter-output>
  </reporter-output>
  <suite name="Default suite" duration-ms="51482" started-at="2021-09-23T06:29:16Z" finished-at="2021-09-23T06:30:07Z">
    <groups>
    </groups>
    <test name="Default test" duration-ms="51482" started-at="2021-09-23T06:29:16Z" finished-at="2021-09-23T06:30:07Z">
      <class name="FindBrokenLinksinSeleniumwithJavaStreams">
        <test-method status="PASS" signature="FindBrokenLinks()[pri:0, instance:FindBrokenLinksinSeleniumwithJavaStreams@6646153]" name="FindBrokenLinks" duration-ms="51451" started-at="2021-09-23T06:29:16Z" finished-at="2021-09-23T06:30:07Z">
          <reporter-output>
          </reporter-output>
        </test-method> <!-- FindBrokenLinks -->
      </class> <!-- FindBrokenLinksinSeleniumwithJavaStreams -->
    </test> <!-- Default test -->
  </suite> <!-- Default suite -->
</testng-results>
